----------

Mon Apr 06 2020 01:51:06 GMT-0300 (Horário Padrão de Brasília)

Couldn't execute script C:\Users\nerdp\Documents\Gavuriiru\export.sh

----------

Mon Apr 06 2020 02:14:35 GMT-0300 (Horário Padrão de Brasília)

Couldn't execute script C:\Users\nerdp\Documents\Gavuriiru\export.sh

----------

Mon Apr 06 2020 02:33:10 GMT-0300 (Horário Padrão de Brasília)

Couldn't execute script C:\Users\nerdp\Documents\Gavuriiru\export.sh

----------

Mon Apr 06 2020 14:38:20 GMT-0300 (Horário Padrão de Brasília)

Couldn't execute script C:\Users\nerdp\Documents\Gavuriiru\export.sh

----------

Mon Apr 06 2020 16:20:13 GMT-0300 (Horário Padrão de Brasília)

Couldn't execute script C:\Users\nerdp\Documents\Gavuriiru\export.sh

----------

Mon Apr 06 2020 16:45:49 GMT-0300 (Horário Padrão de Brasília)

Couldn't execute script C:\Users\nerdp\Documents\Gavuriiru\export.sh

----------

Mon Apr 06 2020 16:47:53 GMT-0300 (Horário Padrão de Brasília)

Couldn't execute script C:\Users\nerdp\Documents\Gavuriiru\export.sh

----------

Mon Apr 06 2020 16:48:27 GMT-0300 (Horário Padrão de Brasília)

Couldn't execute script C:\Users\nerdp\Documents\Gavuriiru\export.sh

----------

Mon Apr 06 2020 16:49:31 GMT-0300 (Horário Padrão de Brasília)

Couldn't execute script C:\Users\nerdp\Documents\Gavuriiru\export.sh

----------

Mon Apr 06 2020 16:55:24 GMT-0300 (Horário Padrão de Brasília)

Couldn't execute script C:\Users\nerdp\Documents\Gavuriiru\export.sh

----------

Mon Apr 06 2020 16:57:14 GMT-0300 (Horário Padrão de Brasília)

Couldn't execute script C:\Users\nerdp\Documents\Gavuriiru\export.sh

----------

Mon Apr 06 2020 16:59:44 GMT-0300 (Horário Padrão de Brasília)

Couldn't execute script C:\Users\nerdp\Documents\Gavuriiru\export.sh

----------

Mon Apr 06 2020 17:00:40 GMT-0300 (Horário Padrão de Brasília)

Couldn't execute script C:\Users\nerdp\Documents\Gavuriiru\export.sh

----------

Mon Apr 06 2020 17:03:37 GMT-0300 (Horário Padrão de Brasília)

Couldn't execute script C:\Users\nerdp\Documents\Gavuriiru\export.sh

----------

Mon Apr 06 2020 17:04:22 GMT-0300 (Horário Padrão de Brasília)

Couldn't execute script C:\Users\nerdp\Documents\Gavuriiru\export.sh

----------

Mon Apr 06 2020 17:06:45 GMT-0300 (Horário Padrão de Brasília)

Couldn't execute script C:\Users\nerdp\Documents\Gavuriiru\export.sh

----------

Mon Apr 06 2020 17:07:35 GMT-0300 (Horário Padrão de Brasília)

Couldn't execute script C:\Users\nerdp\Documents\Gavuriiru\export.sh

----------

Mon Apr 06 2020 17:10:48 GMT-0300 (Horário Padrão de Brasília)

Couldn't execute script C:\Users\nerdp\Documents\Gavuriiru\export.sh

----------

Mon Apr 06 2020 17:11:38 GMT-0300 (Horário Padrão de Brasília)

Couldn't execute script C:\Users\nerdp\Documents\Gavuriiru\export.sh

----------

Mon Apr 06 2020 17:19:20 GMT-0300 (Horário Padrão de Brasília)

Couldn't execute script C:\Users\nerdp\Documents\Gavuriiru\export.sh

----------

Mon Apr 06 2020 17:25:25 GMT-0300 (Horário Padrão de Brasília)

Couldn't execute script C:\Users\nerdp\Documents\Gavuriiru\export.sh

----------

Mon Apr 06 2020 17:50:03 GMT-0300 (Horário Padrão de Brasília)

Couldn't execute script C:\Users\nerdp\Documents\Gavuriiru\export.sh

----------

Mon Apr 06 2020 17:51:06 GMT-0300 (Horário Padrão de Brasília)

Couldn't execute script C:\Users\nerdp\Documents\Gavuriiru\export.sh

----------

Mon Apr 06 2020 17:51:18 GMT-0300 (Horário Padrão de Brasília)

Couldn't execute script C:\Users\nerdp\Documents\Gavuriiru\export.sh

----------

Mon Apr 06 2020 18:03:10 GMT-0300 (Horário Padrão de Brasília)

Couldn't execute script C:\Users\nerdp\Documents\Gavuriiru\export.sh

----------

Thu Apr 09 2020 02:04:18 GMT-0300 (Horário Padrão de Brasília)

Script C:\Users\nerdp\Documents\Gavuriiru\export.sh couldn't be run

